mode: set
caching_web_server/internal/apps/config/config.go:14.20,16.2 1 0
caching_web_server/internal/apps/config/config.go:18.32,21.21 2 0
caching_web_server/internal/apps/config/config.go:21.21,23.3 1 0
caching_web_server/internal/apps/config/config.go:24.2,24.12 1 0
caching_web_server/internal/apps/config/config.go:27.31,29.2 1 0
caching_web_server/internal/apps/run.go:21.20,23.2 1 0
caching_web_server/internal/apps/run.go:26.27,29.16 3 0
caching_web_server/internal/apps/run.go:29.16,31.3 1 0
caching_web_server/internal/apps/run.go:34.2,40.16 3 0
caching_web_server/internal/apps/run.go:40.16,43.3 2 0
caching_web_server/internal/apps/run.go:46.2,63.12 8 0
caching_web_server/internal/apps/run.go:63.12,65.49 2 0
caching_web_server/internal/apps/run.go:65.49,67.4 1 0
caching_web_server/internal/apps/run.go:70.2,76.53 5 0
caching_web_server/internal/apps/run.go:76.53,79.3 2 0
caching_web_server/internal/apps/run.go:81.2,82.12 2 0
caching_web_server/cmd/main.go:9.13,12.35 2 0
caching_web_server/cmd/main.go:12.35,13.13 1 0
caching_web_server/internal/helper/responses.go:9.75,14.41 5 0
caching_web_server/internal/helper/responses.go:14.41,17.3 1 0
caching_web_server/internal/helper/responses.go:21.58,24.2 1 0
caching_web_server/internal/helper/responses.go:26.76,33.2 1 0
caching_web_server/internal/helper/responses.go:35.62,39.2 1 0
caching_web_server/internal/storage/pq/pq.go:16.53,22.16 3 0
caching_web_server/internal/storage/pq/pq.go:22.16,25.3 2 0
caching_web_server/internal/storage/pq/pq.go:27.2,31.16 3 0
caching_web_server/internal/storage/pq/pq.go:31.16,34.3 2 0
caching_web_server/internal/storage/pq/pq.go:35.2,35.16 1 0
caching_web_server/internal/storage/pq/pq.go:39.46,41.16 2 0
caching_web_server/internal/storage/pq/pq.go:41.16,44.3 2 0
caching_web_server/internal/storage/pq/pq.go:45.2,45.12 1 0
caching_web_server/internal/storage/pq/pq.go:48.33,50.2 1 1
caching_web_server/internal/storage/pq/pq.go:52.62,55.16 3 1
caching_web_server/internal/storage/pq/pq.go:55.16,58.3 2 1
caching_web_server/internal/storage/pq/pq.go:59.2,59.12 1 1
caching_web_server/internal/storage/pq/pq.go:62.61,64.2 1 0
caching_web_server/internal/handler/auth/handler.go:23.80,29.2 1 1
caching_web_server/internal/handler/auth/handler.go:32.68,40.61 2 1
caching_web_server/internal/handler/auth/handler.go:40.61,44.3 3 1
caching_web_server/internal/handler/auth/handler.go:48.2,48.31 1 1
caching_web_server/internal/handler/auth/handler.go:48.31,52.3 3 1
caching_web_server/internal/handler/auth/handler.go:54.2,55.16 2 1
caching_web_server/internal/handler/auth/handler.go:55.16,59.3 3 1
caching_web_server/internal/handler/auth/handler.go:61.2,61.58 1 1
caching_web_server/internal/handler/auth/handler.go:66.64,73.61 2 0
caching_web_server/internal/handler/auth/handler.go:73.61,77.3 3 0
caching_web_server/internal/handler/auth/handler.go:79.2,79.43 1 0
caching_web_server/internal/handler/auth/handler.go:79.43,83.3 3 0
caching_web_server/internal/handler/auth/handler.go:85.2,86.16 2 0
caching_web_server/internal/handler/auth/handler.go:86.16,90.3 3 0
caching_web_server/internal/handler/auth/handler.go:92.2,92.54 1 0
caching_web_server/internal/handler/auth/handler_mock.go:25.59,29.2 3 1
caching_web_server/internal/handler/auth/handler_mock.go:32.57,34.2 1 1
caching_web_server/internal/handler/auth/handler_mock.go:37.72,43.2 5 0
caching_web_server/internal/handler/auth/handler_mock.go:46.87,49.2 2 0
caching_web_server/internal/handler/auth/handler_mock.go:52.66,57.2 4 1
caching_web_server/internal/handler/auth/handler_mock.go:60.91,63.2 2 1
caching_web_server/internal/service/auth/service.go:34.61,39.2 1 1
caching_web_server/internal/service/auth/service.go:42.62,44.16 2 1
caching_web_server/internal/service/auth/service.go:44.16,47.3 2 1
caching_web_server/internal/service/auth/service.go:49.2,50.16 2 1
caching_web_server/internal/service/auth/service.go:50.16,53.3 2 1
caching_web_server/internal/service/auth/service.go:55.2,56.16 2 1
caching_web_server/internal/service/auth/service.go:56.16,59.3 2 0
caching_web_server/internal/service/auth/service.go:61.2,62.16 2 1
caching_web_server/internal/service/auth/service.go:62.16,65.3 2 1
caching_web_server/internal/service/auth/service.go:67.2,67.12 1 1
caching_web_server/internal/service/auth/service.go:73.40,74.33 1 1
caching_web_server/internal/service/auth/service.go:74.33,76.3 1 1
caching_web_server/internal/service/auth/service.go:78.2,78.12 1 1
caching_web_server/internal/service/auth/service.go:87.46,88.23 1 1
caching_web_server/internal/service/auth/service.go:88.23,90.3 1 1
caching_web_server/internal/service/auth/service.go:91.2,92.32 2 1
caching_web_server/internal/service/auth/service.go:92.32,93.33 1 1
caching_web_server/internal/service/auth/service.go:93.33,95.4 1 1
caching_web_server/internal/service/auth/service.go:95.9,95.40 1 1
caching_web_server/internal/service/auth/service.go:95.40,97.4 1 1
caching_web_server/internal/service/auth/service.go:97.9,97.40 1 1
caching_web_server/internal/service/auth/service.go:97.40,99.4 1 1
caching_web_server/internal/service/auth/service.go:99.9,101.4 1 1
caching_web_server/internal/service/auth/service.go:103.2,103.52 1 1
caching_web_server/internal/service/auth/service.go:103.52,105.3 1 1
caching_web_server/internal/service/auth/service.go:106.2,106.12 1 1
caching_web_server/internal/service/auth/service.go:115.52,117.43 2 1
caching_web_server/internal/service/auth/service.go:117.43,119.3 1 0
caching_web_server/internal/service/auth/service.go:121.2,128.16 4 1
caching_web_server/internal/service/auth/service.go:128.16,130.3 1 0
caching_web_server/internal/service/auth/service.go:132.2,132.28 1 1
caching_web_server/internal/service/auth/service.go:135.68,137.16 2 0
caching_web_server/internal/service/auth/service.go:137.16,139.3 1 0
caching_web_server/internal/service/auth/service.go:140.2,140.40 1 0
caching_web_server/internal/service/auth/service.go:140.40,142.3 1 0
caching_web_server/internal/service/auth/service.go:144.2,145.16 2 0
caching_web_server/internal/service/auth/service.go:145.16,147.3 1 0
caching_web_server/internal/service/auth/service.go:148.2,148.19 1 0
caching_web_server/internal/service/auth/service.go:153.46,155.62 2 0
caching_web_server/internal/service/auth/service.go:155.62,157.3 1 0
caching_web_server/internal/service/auth/service.go:158.2,159.16 2 0
caching_web_server/internal/service/auth/service.go:159.16,161.3 1 0
caching_web_server/internal/service/auth/service.go:162.2,163.58 2 0
caching_web_server/internal/service/auth/service.go:167.50,169.40 2 0
caching_web_server/internal/service/auth/service.go:169.40,171.3 1 0
caching_web_server/internal/service/auth/service.go:172.2,176.16 3 0
caching_web_server/internal/service/auth/service.go:176.16,178.3 1 0
caching_web_server/internal/service/auth/service.go:179.2,179.25 1 0
caching_web_server/internal/service/auth/service_mock.go:25.59,29.2 3 1
caching_web_server/internal/service/auth/service_mock.go:32.57,34.2 1 1
caching_web_server/internal/service/auth/service_mock.go:37.65,43.2 5 1
caching_web_server/internal/service/auth/service_mock.go:46.80,49.2 2 1
caching_web_server/internal/service/auth/service_mock.go:52.62,57.2 4 1
caching_web_server/internal/service/auth/service_mock.go:60.87,63.2 2 1
